\BOOKMARK [0][-]{chapter.1}{\376\377\0001\000\040\000T\000D\000F\0000\0002\000-\0001\0004\0005\000\040\000T\000a\000b\000l\000e\000t}{}% 1
\BOOKMARK [1][-]{section.1.1}{\376\377\0001\000.\0001\000\040\000I\000n\000t\000r\000o\000d\000u\000c\000t\000i\000o\000n}{chapter.1}% 2
\BOOKMARK [1][-]{section.1.2}{\376\377\0001\000.\0002\000\040\000J\000A\000V\000A}{chapter.1}% 3
\BOOKMARK [2][-]{subsection.1.2.1}{\376\377\0001\000.\0002\000.\0001\000\040\000E\000x\000p\000o\000r\000t\000i\000n\000g\000\040\000t\000o\000\040\000J\000A\000V\000A\000\040\000i\000n\000s\000i\000d\000e\000\040\000U\000n\000i\000t\000y}{section.1.2}% 4
\BOOKMARK [2][-]{subsection.1.2.2}{\376\377\0001\000.\0002\000.\0002\000\040\000O\000p\000e\000n\000i\000n\000g\000\040\000i\000n\000\040\000A\000n\000d\000r\000o\000i\000d\000\040\000S\000t\000u\000d\000i\000o}{section.1.2}% 5
\BOOKMARK [3][-]{subsubsection.1.2.2.1}{\376\377\0001\000.\0002\000.\0002\000.\0001\000\040\000N\000o\000t\000e}{subsection.1.2.2}% 6
\BOOKMARK [3][-]{subsubsection.1.2.2.2}{\376\377\0001\000.\0002\000.\0002\000.\0002\000\040\000A\000u\000t\000h\000o\000r}{subsection.1.2.2}% 7
\BOOKMARK [3][-]{subsubsection.1.2.2.3}{\376\377\0001\000.\0002\000.\0002\000.\0003\000\040\000V\000e\000r\000s\000i\000o\000n}{subsection.1.2.2}% 8
\BOOKMARK [0][-]{chapter.2}{\376\377\0002\000\040\000N\000a\000m\000e\000s\000p\000a\000c\000e\000\040\000I\000n\000d\000e\000x}{}% 9
\BOOKMARK [1][-]{section.2.1}{\376\377\0002\000.\0001\000\040\000P\000a\000c\000k\000a\000g\000e\000s}{chapter.2}% 10
\BOOKMARK [0][-]{chapter.3}{\376\377\0003\000\040\000H\000i\000e\000r\000a\000r\000c\000h\000i\000c\000a\000l\000\040\000I\000n\000d\000e\000x}{}% 11
\BOOKMARK [1][-]{section.3.1}{\376\377\0003\000.\0001\000\040\000C\000l\000a\000s\000s\000\040\000H\000i\000e\000r\000a\000r\000c\000h\000y}{chapter.3}% 12
\BOOKMARK [0][-]{chapter.4}{\376\377\0004\000\040\000C\000l\000a\000s\000s\000\040\000I\000n\000d\000e\000x}{}% 13
\BOOKMARK [1][-]{section.4.1}{\376\377\0004\000.\0001\000\040\000C\000l\000a\000s\000s\000\040\000L\000i\000s\000t}{chapter.4}% 14
\BOOKMARK [0][-]{chapter.5}{\376\377\0005\000\040\000F\000i\000l\000e\000\040\000I\000n\000d\000e\000x}{}% 15
\BOOKMARK [1][-]{section.5.1}{\376\377\0005\000.\0001\000\040\000F\000i\000l\000e\000\040\000L\000i\000s\000t}{chapter.5}% 16
\BOOKMARK [0][-]{chapter.6}{\376\377\0006\000\040\000N\000a\000m\000e\000s\000p\000a\000c\000e\000\040\000D\000o\000c\000u\000m\000e\000n\000t\000a\000t\000i\000o\000n}{}% 17
\BOOKMARK [1][-]{section.6.1}{\376\377\0006\000.\0001\000\040\000P\000a\000c\000k\000a\000g\000e\000\040\000c\000o\000m}{chapter.6}% 18
\BOOKMARK [1][-]{section.6.2}{\376\377\0006\000.\0002\000\040\000P\000a\000c\000k\000a\000g\000e\000\040\000c\000o\000m\000.\000u\000n\000i\000t\000y\0003\000d}{chapter.6}% 19
\BOOKMARK [1][-]{section.6.3}{\376\377\0006\000.\0003\000\040\000P\000a\000c\000k\000a\000g\000e\000\040\000c\000o\000m\000.\000u\000n\000i\000t\000y\0003\000d\000.\000p\000l\000a\000y\000e\000r}{chapter.6}% 20
\BOOKMARK [0][-]{chapter.7}{\376\377\0007\000\040\000C\000l\000a\000s\000s\000\040\000D\000o\000c\000u\000m\000e\000n\000t\000a\000t\000i\000o\000n}{}% 21
\BOOKMARK [1][-]{section.7.1}{\376\377\0007\000.\0001\000\040\000c\000o\000m\000.\000u\000n\000i\000t\000y\0003\000d\000.\000p\000l\000a\000y\000e\000r\000.\000M\000y\000B\000l\000u\000e\000t\000o\000o\000t\000h\000S\000e\000r\000v\000i\000c\000e\000.\000C\000o\000n\000n\000e\000c\000t\000e\000d\000T\000h\000r\000e\000a\000d\000\040\000C\000l\000a\000s\000s\000\040\000R\000e\000f\000e\000r\000e\000n\000c\000e}{chapter.7}% 22
\BOOKMARK [2][-]{subsection.7.1.1}{\376\377\0007\000.\0001\000.\0001\000\040\000D\000e\000t\000a\000i\000l\000e\000d\000\040\000D\000e\000s\000c\000r\000i\000p\000t\000i\000o\000n}{section.7.1}% 23
\BOOKMARK [2][-]{subsection.7.1.2}{\376\377\0007\000.\0001\000.\0002\000\040\000C\000o\000n\000s\000t\000r\000u\000c\000t\000o\000r\000\040\000\046\000\040\000D\000e\000s\000t\000r\000u\000c\000t\000o\000r\000\040\000D\000o\000c\000u\000m\000e\000n\000t\000a\000t\000i\000o\000n}{section.7.1}% 24
\BOOKMARK [3][-]{subsubsection.7.1.2.1}{\376\377\0007\000.\0001\000.\0002\000.\0001\000\040\000C\000o\000n\000n\000e\000c\000t\000e\000d\000T\000h\000r\000e\000a\000d\000\050\000\051}{subsection.7.1.2}% 25
\BOOKMARK [2][-]{subsection.7.1.3}{\376\377\0007\000.\0001\000.\0003\000\040\000M\000e\000m\000b\000e\000r\000\040\000F\000u\000n\000c\000t\000i\000o\000n\000\040\000D\000o\000c\000u\000m\000e\000n\000t\000a\000t\000i\000o\000n}{section.7.1}% 26
\BOOKMARK [3][-]{subsubsection.7.1.3.1}{\376\377\0007\000.\0001\000.\0003\000.\0001\000\040\000c\000a\000n\000c\000e\000l\000\050\000\051}{subsection.7.1.3}% 27
\BOOKMARK [3][-]{subsubsection.7.1.3.2}{\376\377\0007\000.\0001\000.\0003\000.\0002\000\040\000r\000u\000n\000\050\000\051}{subsection.7.1.3}% 28
\BOOKMARK [3][-]{subsubsection.7.1.3.3}{\376\377\0007\000.\0001\000.\0003\000.\0003\000\040\000w\000r\000i\000t\000e\000\050\000\051}{subsection.7.1.3}% 29
\BOOKMARK [2][-]{subsection.7.1.4}{\376\377\0007\000.\0001\000.\0004\000\040\000M\000e\000m\000b\000e\000r\000\040\000D\000a\000t\000a\000\040\000D\000o\000c\000u\000m\000e\000n\000t\000a\000t\000i\000o\000n}{section.7.1}% 30
\BOOKMARK [3][-]{subsubsection.7.1.4.1}{\376\377\0007\000.\0001\000.\0004\000.\0001\000\040\000m\000m\000I\000n\000S\000t\000r\000e\000a\000m}{subsection.7.1.4}% 31
\BOOKMARK [3][-]{subsubsection.7.1.4.2}{\376\377\0007\000.\0001\000.\0004\000.\0002\000\040\000m\000m\000O\000u\000t\000S\000t\000r\000e\000a\000m}{subsection.7.1.4}% 32
\BOOKMARK [3][-]{subsubsection.7.1.4.3}{\376\377\0007\000.\0001\000.\0004\000.\0003\000\040\000m\000m\000S\000o\000c\000k\000e\000t}{subsection.7.1.4}% 33
\BOOKMARK [1][-]{section.7.2}{\376\377\0007\000.\0002\000\040\000c\000o\000m\000.\000u\000n\000i\000t\000y\0003\000d\000.\000p\000l\000a\000y\000e\000r\000.\000M\000y\000B\000l\000u\000e\000t\000o\000o\000t\000h\000S\000e\000r\000v\000i\000c\000e\000.\000C\000o\000n\000n\000e\000c\000t\000T\000h\000r\000e\000a\000d\000\040\000C\000l\000a\000s\000s\000\040\000R\000e\000f\000e\000r\000e\000n\000c\000e}{chapter.7}% 34
\BOOKMARK [2][-]{subsection.7.2.1}{\376\377\0007\000.\0002\000.\0001\000\040\000D\000e\000t\000a\000i\000l\000e\000d\000\040\000D\000e\000s\000c\000r\000i\000p\000t\000i\000o\000n}{section.7.2}% 35
\BOOKMARK [2][-]{subsection.7.2.2}{\376\377\0007\000.\0002\000.\0002\000\040\000C\000o\000n\000s\000t\000r\000u\000c\000t\000o\000r\000\040\000\046\000\040\000D\000e\000s\000t\000r\000u\000c\000t\000o\000r\000\040\000D\000o\000c\000u\000m\000e\000n\000t\000a\000t\000i\000o\000n}{section.7.2}% 36
\BOOKMARK [3][-]{subsubsection.7.2.2.1}{\376\377\0007\000.\0002\000.\0002\000.\0001\000\040\000C\000o\000n\000n\000e\000c\000t\000T\000h\000r\000e\000a\000d\000\050\000\051}{subsection.7.2.2}% 37
\BOOKMARK [2][-]{subsection.7.2.3}{\376\377\0007\000.\0002\000.\0003\000\040\000M\000e\000m\000b\000e\000r\000\040\000F\000u\000n\000c\000t\000i\000o\000n\000\040\000D\000o\000c\000u\000m\000e\000n\000t\000a\000t\000i\000o\000n}{section.7.2}% 38
\BOOKMARK [3][-]{subsubsection.7.2.3.1}{\376\377\0007\000.\0002\000.\0003\000.\0001\000\040\000c\000a\000n\000c\000e\000l\000\050\000\051}{subsection.7.2.3}% 39
\BOOKMARK [3][-]{subsubsection.7.2.3.2}{\376\377\0007\000.\0002\000.\0003\000.\0002\000\040\000r\000u\000n\000\050\000\051}{subsection.7.2.3}% 40
\BOOKMARK [2][-]{subsection.7.2.4}{\376\377\0007\000.\0002\000.\0004\000\040\000M\000e\000m\000b\000e\000r\000\040\000D\000a\000t\000a\000\040\000D\000o\000c\000u\000m\000e\000n\000t\000a\000t\000i\000o\000n}{section.7.2}% 41
\BOOKMARK [3][-]{subsubsection.7.2.4.1}{\376\377\0007\000.\0002\000.\0004\000.\0001\000\040\000m\000m\000S\000o\000c\000k\000e\000t}{subsection.7.2.4}% 42
\BOOKMARK [1][-]{section.7.3}{\376\377\0007\000.\0003\000\040\000c\000o\000m\000.\000u\000n\000i\000t\000y\0003\000d\000.\000p\000l\000a\000y\000e\000r\000.\000M\000y\000A\000d\000m\000i\000n\000R\000e\000c\000e\000i\000v\000e\000r\000\040\000C\000l\000a\000s\000s\000\040\000R\000e\000f\000e\000r\000e\000n\000c\000e}{chapter.7}% 43
\BOOKMARK [2][-]{subsection.7.3.1}{\376\377\0007\000.\0003\000.\0001\000\040\000D\000e\000t\000a\000i\000l\000e\000d\000\040\000D\000e\000s\000c\000r\000i\000p\000t\000i\000o\000n}{section.7.3}% 44
\BOOKMARK [1][-]{section.7.4}{\376\377\0007\000.\0004\000\040\000c\000o\000m\000.\000u\000n\000i\000t\000y\0003\000d\000.\000p\000l\000a\000y\000e\000r\000.\000M\000y\000B\000l\000u\000e\000t\000o\000o\000t\000h\000S\000e\000r\000v\000i\000c\000e\000\040\000C\000l\000a\000s\000s\000\040\000R\000e\000f\000e\000r\000e\000n\000c\000e}{chapter.7}% 45
\BOOKMARK [2][-]{subsection.7.4.1}{\376\377\0007\000.\0004\000.\0001\000\040\000D\000e\000t\000a\000i\000l\000e\000d\000\040\000D\000e\000s\000c\000r\000i\000p\000t\000i\000o\000n}{section.7.4}% 46
\BOOKMARK [2][-]{subsection.7.4.2}{\376\377\0007\000.\0004\000.\0002\000\040\000C\000o\000n\000s\000t\000r\000u\000c\000t\000o\000r\000\040\000\046\000\040\000D\000e\000s\000t\000r\000u\000c\000t\000o\000r\000\040\000D\000o\000c\000u\000m\000e\000n\000t\000a\000t\000i\000o\000n}{section.7.4}% 47
\BOOKMARK [3][-]{subsubsection.7.4.2.1}{\376\377\0007\000.\0004\000.\0002\000.\0001\000\040\000M\000y\000B\000l\000u\000e\000t\000o\000o\000t\000h\000S\000e\000r\000v\000i\000c\000e\000\050\000\051}{subsection.7.4.2}% 48
\BOOKMARK [2][-]{subsection.7.4.3}{\376\377\0007\000.\0004\000.\0003\000\040\000M\000e\000m\000b\000e\000r\000\040\000F\000u\000n\000c\000t\000i\000o\000n\000\040\000D\000o\000c\000u\000m\000e\000n\000t\000a\000t\000i\000o\000n}{section.7.4}% 49
\BOOKMARK [3][-]{subsubsection.7.4.3.1}{\376\377\0007\000.\0004\000.\0003\000.\0001\000\040\000b\000r\000e\000a\000k\000U\000p\000S\000t\000r\000i\000n\000g\000\050\000\051}{subsection.7.4.3}% 50
\BOOKMARK [3][-]{subsubsection.7.4.3.2}{\376\377\0007\000.\0004\000.\0003\000.\0002\000\040\000c\000a\000n\000c\000e\000l\000T\000h\000r\000e\000a\000d\000s\000\050\000\051}{subsection.7.4.3}% 51
\BOOKMARK [3][-]{subsubsection.7.4.3.3}{\376\377\0007\000.\0004\000.\0003\000.\0003\000\040\000c\000o\000n\000n\000e\000c\000t\000e\000d\000\050\000\051}{subsection.7.4.3}% 52
\BOOKMARK [3][-]{subsubsection.7.4.3.4}{\376\377\0007\000.\0004\000.\0003\000.\0004\000\040\000m\000e\000s\000s\000a\000g\000e\000P\000r\000o\000c\000e\000s\000s\000o\000r\000F\000u\000n\000c\000t\000i\000o\000n\000\050\000\051}{subsection.7.4.3}% 53
\BOOKMARK [3][-]{subsubsection.7.4.3.5}{\376\377\0007\000.\0004\000.\0003\000.\0005\000\040\000s\000h\000o\000w\000T\000o\000a\000s\000t\000\050\000\051}{subsection.7.4.3}% 54
\BOOKMARK [3][-]{subsubsection.7.4.3.6}{\376\377\0007\000.\0004\000.\0003\000.\0006\000\040\000s\000t\000a\000r\000t\000C\000l\000i\000e\000n\000t\000\050\000\051}{subsection.7.4.3}% 55
\BOOKMARK [3][-]{subsubsection.7.4.3.7}{\376\377\0007\000.\0004\000.\0003\000.\0007\000\040\000w\000r\000i\000t\000e\000\050\000\051}{subsection.7.4.3}% 56
\BOOKMARK [2][-]{subsection.7.4.4}{\376\377\0007\000.\0004\000.\0004\000\040\000M\000e\000m\000b\000e\000r\000\040\000D\000a\000t\000a\000\040\000D\000o\000c\000u\000m\000e\000n\000t\000a\000t\000i\000o\000n}{section.7.4}% 57
\BOOKMARK [3][-]{subsubsection.7.4.4.1}{\376\377\0007\000.\0004\000.\0004\000.\0001\000\040\000b\000l\000u\000e\000t\000o\000o\000t\000h\000A\000d\000a\000p\000t\000e\000r}{subsection.7.4.4}% 58
\BOOKMARK [3][-]{subsubsection.7.4.4.2}{\376\377\0007\000.\0004\000.\0004\000.\0002\000\040\000m\000C\000o\000n\000n\000e\000c\000t\000e\000d\000T\000h\000r\000e\000a\000d}{subsection.7.4.4}% 59
\BOOKMARK [3][-]{subsubsection.7.4.4.3}{\376\377\0007\000.\0004\000.\0004\000.\0003\000\040\000m\000C\000o\000n\000n\000e\000c\000t\000T\000h\000r\000e\000a\000d}{subsection.7.4.4}% 60
\BOOKMARK [3][-]{subsubsection.7.4.4.4}{\376\377\0007\000.\0004\000.\0004\000.\0004\000\040\000m\000C\000o\000n\000t\000e\000x\000t}{subsection.7.4.4}% 61
\BOOKMARK [3][-]{subsubsection.7.4.4.5}{\376\377\0007\000.\0004\000.\0004\000.\0005\000\040\000m\000m\000D\000e\000v\000i\000c\000e}{subsection.7.4.4}% 62
\BOOKMARK [3][-]{subsubsection.7.4.4.6}{\376\377\0007\000.\0004\000.\0004\000.\0006\000\040\000m\000P\000r\000o\000g\000r\000e\000s\000s\000D\000i\000a\000l\000o\000g}{subsection.7.4.4}% 63
\BOOKMARK [3][-]{subsubsection.7.4.4.7}{\376\377\0007\000.\0004\000.\0004\000.\0007\000\040\000T\000A\000G}{subsection.7.4.4}% 64
\BOOKMARK [1][-]{section.7.5}{\376\377\0007\000.\0005\000\040\000c\000o\000m\000.\000u\000n\000i\000t\000y\0003\000d\000.\000p\000l\000a\000y\000e\000r\000.\000U\000n\000i\000t\000y\000P\000l\000a\000y\000e\000r\000A\000c\000t\000i\000v\000i\000t\000y\000\040\000C\000l\000a\000s\000s\000\040\000R\000e\000f\000e\000r\000e\000n\000c\000e}{chapter.7}% 65
\BOOKMARK [2][-]{subsection.7.5.1}{\376\377\0007\000.\0005\000.\0001\000\040\000D\000e\000t\000a\000i\000l\000e\000d\000\040\000D\000e\000s\000c\000r\000i\000p\000t\000i\000o\000n}{section.7.5}% 66
\BOOKMARK [2][-]{subsection.7.5.2}{\376\377\0007\000.\0005\000.\0002\000\040\000M\000e\000m\000b\000e\000r\000\040\000F\000u\000n\000c\000t\000i\000o\000n\000\040\000D\000o\000c\000u\000m\000e\000n\000t\000a\000t\000i\000o\000n}{section.7.5}% 67
\BOOKMARK [3][-]{subsubsection.7.5.2.1}{\376\377\0007\000.\0005\000.\0002\000.\0001\000\040\000b\000e\000g\000i\000n\000C\000o\000n\000n\000e\000c\000t\000i\000o\000n\000\050\000\051}{subsection.7.5.2}% 68
\BOOKMARK [3][-]{subsubsection.7.5.2.2}{\376\377\0007\000.\0005\000.\0002\000.\0002\000\040\000e\000m\000o\000t\000i\000o\000n\000B\000a\000c\000k\000g\000r\000o\000u\000n\000d\000C\000o\000l\000o\000r\000\050\000\051}{subsection.7.5.2}% 69
\BOOKMARK [3][-]{subsubsection.7.5.2.3}{\376\377\0007\000.\0005\000.\0002\000.\0003\000\040\000o\000n\000A\000c\000t\000i\000v\000i\000t\000y\000R\000e\000s\000u\000l\000t\000\050\000\051}{subsection.7.5.2}% 70
\BOOKMARK [3][-]{subsubsection.7.5.2.4}{\376\377\0007\000.\0005\000.\0002\000.\0004\000\040\000o\000n\000C\000o\000n\000f\000i\000g\000u\000r\000a\000t\000i\000o\000n\000C\000h\000a\000n\000g\000e\000d\000\050\000\051}{subsection.7.5.2}% 71
\BOOKMARK [3][-]{subsubsection.7.5.2.5}{\376\377\0007\000.\0005\000.\0002\000.\0005\000\040\000o\000n\000C\000r\000e\000a\000t\000e\000\050\000\051}{subsection.7.5.2}% 72
\BOOKMARK [3][-]{subsubsection.7.5.2.6}{\376\377\0007\000.\0005\000.\0002\000.\0006\000\040\000o\000n\000D\000e\000s\000t\000r\000o\000y\000\050\000\051}{subsection.7.5.2}% 73
\BOOKMARK [3][-]{subsubsection.7.5.2.7}{\376\377\0007\000.\0005\000.\0002\000.\0007\000\040\000o\000n\000L\000o\000w\000M\000e\000m\000o\000r\000y\000\050\000\051}{subsection.7.5.2}% 74
\BOOKMARK [3][-]{subsubsection.7.5.2.8}{\376\377\0007\000.\0005\000.\0002\000.\0008\000\040\000o\000n\000N\000e\000w\000I\000n\000t\000e\000n\000t\000\050\000\051}{subsection.7.5.2}% 75
\BOOKMARK [3][-]{subsubsection.7.5.2.9}{\376\377\0007\000.\0005\000.\0002\000.\0009\000\040\000o\000n\000P\000a\000u\000s\000e\000\050\000\051}{subsection.7.5.2}% 76
\BOOKMARK [3][-]{subsubsection.7.5.2.10}{\376\377\0007\000.\0005\000.\0002\000.\0001\0000\000\040\000o\000n\000R\000e\000s\000u\000m\000e\000\050\000\051}{subsection.7.5.2}% 77
\BOOKMARK [3][-]{subsubsection.7.5.2.11}{\376\377\0007\000.\0005\000.\0002\000.\0001\0001\000\040\000o\000n\000T\000r\000i\000m\000M\000e\000m\000o\000r\000y\000\050\000\051}{subsection.7.5.2}% 78
\BOOKMARK [3][-]{subsubsection.7.5.2.12}{\376\377\0007\000.\0005\000.\0002\000.\0001\0002\000\040\000o\000n\000W\000i\000n\000d\000o\000w\000F\000o\000c\000u\000s\000C\000h\000a\000n\000g\000e\000d\000\050\000\051}{subsection.7.5.2}% 79
\BOOKMARK [3][-]{subsubsection.7.5.2.13}{\376\377\0007\000.\0005\000.\0002\000.\0001\0003\000\040\000s\000e\000t\000E\000m\000o\000t\000i\000o\000n\000\050\000\051}{subsection.7.5.2}% 80
\BOOKMARK [3][-]{subsubsection.7.5.2.14}{\376\377\0007\000.\0005\000.\0002\000.\0001\0004\000\040\000s\000e\000t\000t\000i\000n\000g\000s\000U\000p\000d\000a\000t\000e\000\050\000\051}{subsection.7.5.2}% 81
\BOOKMARK [3][-]{subsubsection.7.5.2.15}{\376\377\0007\000.\0005\000.\0002\000.\0001\0005\000\040\000s\000h\000o\000w\000T\000o\000a\000s\000t\000M\000e\000t\000h\000o\000d\000\050\000\051}{subsection.7.5.2}% 82
\BOOKMARK [3][-]{subsubsection.7.5.2.16}{\376\377\0007\000.\0005\000.\0002\000.\0001\0006\000\040\000s\000p\000e\000a\000k\000O\000u\000t\000\050\000\051}{subsection.7.5.2}% 83
\BOOKMARK [3][-]{subsubsection.7.5.2.17}{\376\377\0007\000.\0005\000.\0002\000.\0001\0007\000\040\000u\000p\000d\000a\000t\000e\000U\000n\000i\000t\000y\000C\000o\000m\000m\000a\000n\000d\000L\000i\000n\000e\000A\000r\000g\000u\000m\000e\000n\000t\000s\000\050\000\051}{subsection.7.5.2}% 84
\BOOKMARK [2][-]{subsection.7.5.3}{\376\377\0007\000.\0005\000.\0003\000\040\000M\000e\000m\000b\000e\000r\000\040\000D\000a\000t\000a\000\040\000D\000o\000c\000u\000m\000e\000n\000t\000a\000t\000i\000o\000n}{section.7.5}% 85
\BOOKMARK [3][-]{subsubsection.7.5.3.1}{\376\377\0007\000.\0005\000.\0003\000.\0001\000\040\000A\000D\000M\000I\000N\000\137\000I\000N\000T\000E\000N\000T}{subsection.7.5.3}% 86
\BOOKMARK [3][-]{subsubsection.7.5.3.2}{\376\377\0007\000.\0005\000.\0003\000.\0002\000\040\000A\000N\000G\000R\000Y}{subsection.7.5.3}% 87
\BOOKMARK [3][-]{subsubsection.7.5.3.3}{\376\377\0007\000.\0005\000.\0003\000.\0003\000\040\000a\000u\000d\000i\000o\000M\000a\000n\000a\000g\000e\000r}{subsection.7.5.3}% 88
\BOOKMARK [3][-]{subsubsection.7.5.3.4}{\376\377\0007\000.\0005\000.\0003\000.\0004\000\040\000b\000a\000c\000k\000g\000r\000o\000u\000n\000d\000C\000o\000l\000o\000r}{subsection.7.5.3}% 89
\BOOKMARK [3][-]{subsubsection.7.5.3.5}{\376\377\0007\000.\0005\000.\0003\000.\0005\000\040\000b\000l\000u\000e\000t\000o\000o\000t\000h\000A\000d\000a\000p\000t\000e\000r}{subsection.7.5.3}% 90
\BOOKMARK [3][-]{subsubsection.7.5.3.6}{\376\377\0007\000.\0005\000.\0003\000.\0006\000\040\000c\000h\000a\000n\000g\000e\000B\000a\000c\000k\000g\000r\000o\000u\000n\000d\000C\000o\000l\000o\000r\000F\000u\000n\000c\000t\000i\000o\000n}{subsection.7.5.3}% 91
\BOOKMARK [3][-]{subsubsection.7.5.3.7}{\376\377\0007\000.\0005\000.\0003\000.\0007\000\040\000e\000y\000e\000b\000r\000o\000w\000s\000O\000b\000j\000e\000c\000t}{subsection.7.5.3}% 92
\BOOKMARK [3][-]{subsubsection.7.5.3.8}{\376\377\0007\000.\0005\000.\0003\000.\0008\000\040\000e\000y\000e\000l\000i\000d\000s\000O\000b\000j\000e\000c\000t}{subsection.7.5.3}% 93
\BOOKMARK [3][-]{subsubsection.7.5.3.9}{\376\377\0007\000.\0005\000.\0003\000.\0009\000\040\000f\000a\000l\000s\000e\000S\000t\000r\000i\000n\000g}{subsection.7.5.3}% 94
\BOOKMARK [3][-]{subsubsection.7.5.3.10}{\376\377\0007\000.\0005\000.\0003\000.\0001\0000\000\040\000g\000o\000T\000o\000S\000l\000e\000e\000p\000F\000u\000n\000c\000t\000i\000o\000n}{subsection.7.5.3}% 95
\BOOKMARK [3][-]{subsubsection.7.5.3.11}{\376\377\0007\000.\0005\000.\0003\000.\0001\0001\000\040\000h\000a\000n\000d\000l\000e\000r}{subsection.7.5.3}% 96
\BOOKMARK [3][-]{subsubsection.7.5.3.12}{\376\377\0007\000.\0005\000.\0003\000.\0001\0002\000\040\000H\000A\000P\000P\000Y}{subsection.7.5.3}% 97
\BOOKMARK [3][-]{subsubsection.7.5.3.13}{\376\377\0007\000.\0005\000.\0003\000.\0001\0003\000\040\000I\000D\000L\000E}{subsection.7.5.3}% 98
\BOOKMARK [3][-]{subsubsection.7.5.3.14}{\376\377\0007\000.\0005\000.\0003\000.\0001\0004\000\040\000M\000A\000C\000\137\000A\000D\000D\000R\000E\000S\000S}{subsection.7.5.3}% 99
\BOOKMARK [3][-]{subsubsection.7.5.3.15}{\376\377\0007\000.\0005\000.\0003\000.\0001\0005\000\040\000m\000a\000i\000n\000C\000a\000m\000e\000r\000a\000O\000b\000j\000e\000c\000t}{subsection.7.5.3}% 100
\BOOKMARK [3][-]{subsubsection.7.5.3.16}{\376\377\0007\000.\0005\000.\0003\000.\0001\0006\000\040\000m\000B\000T\000S\000t\000a\000t\000e\000B\000r\000o\000a\000d\000c\000a\000s\000t\000R\000e\000c\000e\000i\000v\000e\000r}{subsection.7.5.3}% 101
\BOOKMARK [3][-]{subsubsection.7.5.3.17}{\376\377\0007\000.\0005\000.\0003\000.\0001\0007\000\040\000m\000C\000o\000m\000p\000o\000n\000e\000n\000t\000N\000a\000m\000e}{subsection.7.5.3}% 102
\BOOKMARK [3][-]{subsubsection.7.5.3.18}{\376\377\0007\000.\0005\000.\0003\000.\0001\0008\000\040\000m\000D\000e\000v\000i\000c\000e\000P\000o\000l\000i\000c\000y\000M\000a\000n\000a\000g\000e\000r}{subsection.7.5.3}% 103
\BOOKMARK [3][-]{subsubsection.7.5.3.19}{\376\377\0007\000.\0005\000.\0003\000.\0001\0009\000\040\000m\000o\000u\000t\000h\000O\000b\000j\000e\000c\000t}{subsection.7.5.3}% 104
\BOOKMARK [3][-]{subsubsection.7.5.3.20}{\376\377\0007\000.\0005\000.\0003\000.\0002\0000\000\040\000m\000U\000n\000i\000t\000y\000P\000l\000a\000y\000e\000r}{subsection.7.5.3}% 105
\BOOKMARK [3][-]{subsubsection.7.5.3.21}{\376\377\0007\000.\0005\000.\0003\000.\0002\0001\000\040\000M\000Y\000\137\000U\000U\000I\000D}{subsection.7.5.3}% 106
\BOOKMARK [3][-]{subsubsection.7.5.3.22}{\376\377\0007\000.\0005\000.\0003\000.\0002\0002\000\040\000m\000y\000B\000l\000u\000e\000t\000o\000o\000t\000h\000S\000e\000r\000v\000i\000c\000e}{subsection.7.5.3}% 107
\BOOKMARK [3][-]{subsubsection.7.5.3.23}{\376\377\0007\000.\0005\000.\0003\000.\0002\0003\000\040\000o\000u\000c\000h\000Z\000o\000n\000e\000O\000b\000j\000e\000c\000t}{subsection.7.5.3}% 108
\BOOKMARK [3][-]{subsubsection.7.5.3.24}{\376\377\0007\000.\0005\000.\0003\000.\0002\0004\000\040\000R\000E\000Q\000U\000E\000S\000T\000\137\000E\000N\000A\000B\000L\000E\000\137\000B\000T}{subsection.7.5.3}% 109
\BOOKMARK [3][-]{subsubsection.7.5.3.25}{\376\377\0007\000.\0005\000.\0003\000.\0002\0005\000\040\000S\000A\000D}{subsection.7.5.3}% 110
\BOOKMARK [3][-]{subsubsection.7.5.3.26}{\376\377\0007\000.\0005\000.\0003\000.\0002\0006\000\040\000s\000a\000v\000e\000d\000V\000o\000l\000u\000m\000e}{subsection.7.5.3}% 111
\BOOKMARK [3][-]{subsubsection.7.5.3.27}{\376\377\0007\000.\0005\000.\0003\000.\0002\0007\000\040\000s\000e\000t\000E\000m\000o\000t\000i\000o\000n\000F\000u\000n\000c\000t\000i\000o\000n}{subsection.7.5.3}% 112
\BOOKMARK [3][-]{subsubsection.7.5.3.28}{\376\377\0007\000.\0005\000.\0003\000.\0002\0008\000\040\000s\000e\000t\000E\000y\000e\000P\000o\000k\000e\000E\000n\000a\000b\000l\000e\000d\000S\000t\000a\000t\000e\000F\000u\000n\000c\000t\000i\000o\000n}{subsection.7.5.3}% 113
\BOOKMARK [3][-]{subsubsection.7.5.3.29}{\376\377\0007\000.\0005\000.\0003\000.\0002\0009\000\040\000s\000e\000t\000S\000p\000e\000a\000k\000i\000n\000g\000F\000u\000n\000c\000t\000i\000o\000n}{subsection.7.5.3}% 114
\BOOKMARK [3][-]{subsubsection.7.5.3.30}{\376\377\0007\000.\0005\000.\0003\000.\0003\0000\000\040\000s\000t\000a\000r\000t\000S\000p\000e\000a\000k\000i\000n\000g}{subsection.7.5.3}% 115
\BOOKMARK [3][-]{subsubsection.7.5.3.31}{\376\377\0007\000.\0005\000.\0003\000.\0003\0001\000\040\000s\000t\000o\000p\000S\000p\000e\000a\000k\000i\000n\000g}{subsection.7.5.3}% 116
\BOOKMARK [3][-]{subsubsection.7.5.3.32}{\376\377\0007\000.\0005\000.\0003\000.\0003\0002\000\040\000S\000U\000R\000P\000R\000I\000S\000E\000D}{subsection.7.5.3}% 117
\BOOKMARK [3][-]{subsubsection.7.5.3.33}{\376\377\0007\000.\0005\000.\0003\000.\0003\0003\000\040\000T\000A\000G}{subsection.7.5.3}% 118
\BOOKMARK [3][-]{subsubsection.7.5.3.34}{\376\377\0007\000.\0005\000.\0003\000.\0003\0004\000\040\000t\000e\000a\000r\000O\000b\000j\000e\000c\000t}{subsection.7.5.3}% 119
\BOOKMARK [3][-]{subsubsection.7.5.3.35}{\376\377\0007\000.\0005\000.\0003\000.\0003\0005\000\040\000T\000E\000S\000T\000I\000N\000G}{subsection.7.5.3}% 120
\BOOKMARK [3][-]{subsubsection.7.5.3.36}{\376\377\0007\000.\0005\000.\0003\000.\0003\0006\000\040\000t\000e\000x\000t\000T\000o\000S\000p\000e\000e\000c\000h}{subsection.7.5.3}% 121
\BOOKMARK [3][-]{subsubsection.7.5.3.37}{\376\377\0007\000.\0005\000.\0003\000.\0003\0007\000\040\000t\000r\000u\000e\000S\000t\000r\000i\000n\000g}{subsection.7.5.3}% 122
\BOOKMARK [3][-]{subsubsection.7.5.3.38}{\376\377\0007\000.\0005\000.\0003\000.\0003\0008\000\040\000v\000o\000i\000c\000e\000Y\000o\000u\000r\000E\000m\000o\000t\000i\000o\000n}{subsection.7.5.3}% 123
\BOOKMARK [0][-]{chapter.8}{\376\377\0008\000\040\000F\000i\000l\000e\000\040\000D\000o\000c\000u\000m\000e\000n\000t\000a\000t\000i\000o\000n}{}% 124
\BOOKMARK [1][-]{section.8.1}{\376\377\0008\000.\0001\000\040\000M\000y\000A\000d\000m\000i\000n\000R\000e\000c\000e\000i\000v\000e\000r\000.\000j\000a\000v\000a\000\040\000F\000i\000l\000e\000\040\000R\000e\000f\000e\000r\000e\000n\000c\000e}{chapter.8}% 125
\BOOKMARK [2][-]{subsection.8.1.1}{\376\377\0008\000.\0001\000.\0001\000\040\000D\000e\000t\000a\000i\000l\000e\000d\000\040\000D\000e\000s\000c\000r\000i\000p\000t\000i\000o\000n}{section.8.1}% 126
\BOOKMARK [1][-]{section.8.2}{\376\377\0008\000.\0002\000\040\000M\000y\000B\000l\000u\000e\000t\000o\000o\000t\000h\000S\000e\000r\000v\000i\000c\000e\000.\000j\000a\000v\000a\000\040\000F\000i\000l\000e\000\040\000R\000e\000f\000e\000r\000e\000n\000c\000e}{chapter.8}% 127
\BOOKMARK [2][-]{subsection.8.2.1}{\376\377\0008\000.\0002\000.\0001\000\040\000D\000e\000t\000a\000i\000l\000e\000d\000\040\000D\000e\000s\000c\000r\000i\000p\000t\000i\000o\000n}{section.8.2}% 128
\BOOKMARK [1][-]{section.8.3}{\376\377\0008\000.\0003\000\040\000R\000E\000A\000D\000M\000E\000.\000m\000d\000\040\000F\000i\000l\000e\000\040\000R\000e\000f\000e\000r\000e\000n\000c\000e}{chapter.8}% 129
\BOOKMARK [1][-]{section.8.4}{\376\377\0008\000.\0004\000\040\000U\000n\000i\000t\000y\000P\000l\000a\000y\000e\000r\000A\000c\000t\000i\000v\000i\000t\000y\000.\000j\000a\000v\000a\000\040\000F\000i\000l\000e\000\040\000R\000e\000f\000e\000r\000e\000n\000c\000e}{chapter.8}% 130
\BOOKMARK [2][-]{subsection.8.4.1}{\376\377\0008\000.\0004\000.\0001\000\040\000D\000e\000t\000a\000i\000l\000e\000d\000\040\000D\000e\000s\000c\000r\000i\000p\000t\000i\000o\000n}{section.8.4}% 131
\BOOKMARK [0][-]{section*.35}{\376\377\000I\000n\000d\000e\000x}{}% 132
